{
  "conversation": "Bshsh",
  "messageContextInfo": {
    "deviceListMetadata": {
      "senderKeyHash": "PbNc3yJH4gxMRQ==",
      "senderTimestamp": 1684297329,
      "recipientKeyHash": "pH8QLwTRuNKO6Q==",
      "recipientTimestamp": 1684602860
    },
    "deviceListMetadataVersion": 2
  }
}
{
  "conversation": "Jdjdjdj",
  "messageContextInfo": {
    "deviceListMetadata": {
      "senderKeyHash": "PbNc3yJH4gxMRQ==",
      "senderTimestamp": 1684297329,
      "recipientKeyHash": "pH8QLwTRuNKO6Q==",
      "recipientTimestamp": 1684602860
    },
    "deviceListMetadataVersion": 2
  }
}
{
  "conversation": "Jdjdjdj",
  "messageContextInfo": {
    "deviceListMetadata": {
      "senderKeyHash": "PbNc3yJH4gxMRQ==",
      "senderTimestamp": 1684297329,
      "recipientKeyHash": "pH8QLwTRuNKO6Q==",
      "recipientTimestamp": 1684602860
    },
    "deviceListMetadataVersion": 2
  }
}
{
  "conversation": "Uehdnc",
  "messageContextInfo": {
    "deviceListMetadata": {
      "senderKeyHash": "PbNc3yJH4gxMRQ==",
      "senderTimestamp": 1684297329,
      "recipientKeyHash": "pH8QLwTRuNKO6Q==",
      "recipientTimestamp": 1684602860
    },
    "deviceListMetadataVersion": 2
  }
}
{
  "conversation": "Iduebdjd",
  "messageContextInfo": {
    "deviceListMetadata": {
      "senderKeyHash": "PbNc3yJH4gxMRQ==",
      "senderTimestamp": 1684297329,
      "recipientKeyHash": "pH8QLwTRuNKO6Q==",
      "recipientTimestamp": 1684602860
    },
    "deviceListMetadataVersion": 2
  }
}
{
  "conversation": "Hdjdhdjrj",
  "messageContextInfo": {
    "deviceListMetadata": {
      "senderKeyHash": "PbNc3yJH4gxMRQ==",
      "senderTimestamp": 1684297329,
      "recipientKeyHash": "pH8QLwTRuNKO6Q==",
      "recipientTimestamp": 1684602860
    },
    "deviceListMetadataVersion": 2
  }
}
